<?xml version="1.0" encoding="UTF-8"?>
<testng-results ignored="0" total="1" passed="1" failed="0" skipped="0">
  <reporter-output>
  </reporter-output>
  <suite started-at="2023-09-06T06:36:42Z" name="Default suite" finished-at="2023-09-06T06:36:47Z" duration-ms="4404">
    <groups>
    </groups>
    <test started-at="2023-09-06T06:36:42Z" name="Default test" finished-at="2023-09-06T06:36:47Z" duration-ms="4404">
      <class name="AutomationSolutionz.Interview.testcases">
        <test-method is-config="true" signature="before_test()[pri:0, instance:AutomationSolutionz.Interview.testcases@76ba13c]" started-at="2023-09-06T12:36:42Z" name="before_test" finished-at="2023-09-06T12:36:46Z" duration-ms="4132" status="PASS">
          <reporter-output>
          </reporter-output>
        </test-method> <!-- before_test -->
        <test-method signature="reg_Positive()[pri:1, instance:AutomationSolutionz.Interview.testcases@76ba13c]" started-at="2023-09-06T12:36:46Z" name="reg_Positive" finished-at="2023-09-06T12:36:47Z" duration-ms="160" status="PASS">
          <reporter-output>
          </reporter-output>
        </test-method> <!-- reg_Positive -->
        <test-method is-config="true" signature="after_test()[pri:0, instance:AutomationSolutionz.Interview.testcases@76ba13c]" started-at="2023-09-06T12:36:47Z" name="after_test" finished-at="2023-09-06T12:36:47Z" duration-ms="101" status="PASS">
          <reporter-output>
          </reporter-output>
        </test-method> <!-- after_test -->
      </class> <!-- AutomationSolutionz.Interview.testcases -->
    </test> <!-- Default test -->
  </suite> <!-- Default suite -->
</testng-results>
